[2026-01-15 12:02:48.601] [INFO    ] ================================================================================
[2026-01-15 12:02:48.602] [INFO    ]   BD3MINER MOD STARTING
[2026-01-15 12:02:48.602] [INFO    ] ================================================================================
[2026-01-15 12:02:48.602] [INFO    ] Version: 1.1.0
[2026-01-15 12:02:48.602] [INFO    ] Log file: C:\Users\nitts\Documents\My Games\Borderlands 3\Logs\bd3miner.log
[2026-01-15 12:02:48.602] [INFO    ] Log directory exists: True
[2026-01-15 12:02:48.602] [INFO    ] ================================================================================
[2026-01-15 12:02:48.603] [INFO    ]   API DISCOVERY PHASE
[2026-01-15 12:02:48.603] [INFO    ] ================================================================================
[2026-01-15 12:02:48.603] [INFO    ] unrealsdk module contents: ['__doc__', '__loader__', '__name__', '__package__', '__spec__', '__version__', '__version_info__', 'commands', 'config', 'construct_object', 'find_all', 'find_class', 'find_enum', 'find_object', 'hooks', 'load_package', 'logging', 'make_struct', 'unreal']
[2026-01-15 12:02:48.603] [INFO    ] unrealsdk.hooks contents: ['Block', 'Type', 'Unset', '__doc__', '__loader__', '__name__', '__package__', '__spec__', 'add_hook', 'has_hook', 'inject_next_call', 'log_all_calls', 'prevent_hooking_direct_calls', 'remove_hook']
[2026-01-15 12:02:48.604] [INFO    ] unrealsdk.hook_manager not found
[2026-01-15 12:02:48.604] [INFO    ] ✅ Low-level hook API (add_hook) is available!
[2026-01-15 12:02:48.604] [INFO    ] ================================================================================
[2026-01-15 12:02:48.604] [INFO    ]   HOOK SETUP PHASE
[2026-01-15 12:02:48.604] [INFO    ] ================================================================================
[2026-01-15 12:02:48.604] [INFO    ] Original hooks are active:
[2026-01-15 12:02:48.604] [INFO    ]   ✅ /Script/GbxInventory.InventoryItemPickup:OnLookedAtByPlayer
[2026-01-15 12:02:48.604] [INFO    ]   ✅ /Script/OakGame.OakInteractiveObject:OnUsedBy
[2026-01-15 12:02:48.604] [INFO    ] ✅ SUCCESS! Hooked ProcessEvent via: ProcessEvent
[2026-01-15 12:02:48.604] [INFO    ] 🎉 Using ProcessEvent hook (BEST)
[2026-01-15 12:02:48.611] [INFO    ] ================================================================================
[2026-01-15 12:02:48.611] [INFO    ]   BD3MINER READY
[2026-01-15 12:02:48.611] [INFO    ] ================================================================================
[2026-01-15 12:02:48.611] [INFO    ] Mod is active! Check console (F6) and this log file
[2026-01-15 12:02:48.611] [INFO    ] 
[2026-01-15 12:02:48.611] [INFO    ] === USER INSTRUCTIONS ===
[2026-01-15 12:02:48.611] [INFO    ] 1. Look at items on the ground to scan them
[2026-01-15 12:02:48.612] [INFO    ] 2. Open chests/objects to scan them
[2026-01-15 12:02:48.612] [INFO    ] 3. Open/close inventory to trigger hooks
[2026-01-15 12:02:48.612] [INFO    ] 4. Move items to/from bank to trigger hooks
[2026-01-15 12:02:48.612] [INFO    ] 5. Check this log file for detailed information
[2026-01-15 12:02:48.612] [INFO    ] 6. Press F6 to see console output in real-time
[2026-01-15 12:02:48.612] [INFO    ] 
[2026-01-15 12:02:48.612] [INFO    ] If you see 'ProcessEvent hook' messages above, the advanced hook is working!
[2026-01-15 12:02:48.612] [INFO    ] If you see 'FALLBACK' messages, the mod is using backup hooks (still works!)
[2026-01-15 12:02:48.612] [INFO    ] 
[2026-01-15 12:05:45.341] [INFO    ] === ITEM LOOKED AT HOOK TRIGGERED ===
[2026-01-15 12:05:45.341] [INFO    ] Item visible name: Unknown
[2026-01-15 12:05:45.342] [ERROR   ] Error getting class name: 'BlueprintGeneratedClass' object has no attribute 'get_full_name'
[2026-01-15 12:05:45.342] [ERROR   ] Error getting object name: 'BP_OakConsumableItemPickup_C' object has no attribute 'get_name'
[2026-01-15 12:05:45.342] [INFO    ] ITEM SEEN: Unknown
[2026-01-15 12:05:45.342] [ERROR   ] Error showing message on screen: module 'unrealsdk' has no attribute 'get_player_controller'
[2026-01-15 12:05:45.342] [INFO    ] CLASS: Unknown Class
[2026-01-15 12:05:45.342] [ERROR   ] Error showing message on screen: module 'unrealsdk' has no attribute 'get_player_controller'
[2026-01-15 12:05:45.342] [ERROR   ] Error logging event: 'BlueprintGeneratedClass' object has no attribute 'get_full_name'
[2026-01-15 12:05:45.843] [INFO    ] === ITEM LOOKED AT HOOK TRIGGERED ===
[2026-01-15 12:05:45.843] [INFO    ] Item visible name: Unknown
[2026-01-15 12:05:45.843] [ERROR   ] Error getting class name: 'BlueprintGeneratedClass' object has no attribute 'get_full_name'
[2026-01-15 12:05:45.844] [ERROR   ] Error getting object name: 'BP_OakConsumableItemPickup_C' object has no attribute 'get_name'
[2026-01-15 12:05:45.844] [INFO    ] ITEM SEEN: Unknown
[2026-01-15 12:05:45.844] [ERROR   ] Error showing message on screen: module 'unrealsdk' has no attribute 'get_player_controller'
[2026-01-15 12:05:45.844] [INFO    ] CLASS: Unknown Class
[2026-01-15 12:05:45.844] [ERROR   ] Error showing message on screen: module 'unrealsdk' has no attribute 'get_player_controller'
[2026-01-15 12:05:45.844] [ERROR   ] Error logging event: 'BlueprintGeneratedClass' object has no attribute 'get_full_name'
[2026-01-15 12:05:51.439] [INFO    ] === ITEM LOOKED AT HOOK TRIGGERED ===
[2026-01-15 12:05:51.439] [INFO    ] Item visible name: Unknown
[2026-01-15 12:05:51.439] [ERROR   ] Error getting class name: 'BlueprintGeneratedClass' object has no attribute 'get_full_name'
[2026-01-15 12:05:51.440] [ERROR   ] Error getting object name: 'BP_OakConsumableItemPickup_C' object has no attribute 'get_name'
[2026-01-15 12:05:51.440] [INFO    ] ITEM SEEN: Unknown
[2026-01-15 12:05:51.440] [ERROR   ] Error showing message on screen: module 'unrealsdk' has no attribute 'get_player_controller'
[2026-01-15 12:05:51.440] [INFO    ] CLASS: Unknown Class
[2026-01-15 12:05:51.440] [ERROR   ] Error showing message on screen: module 'unrealsdk' has no attribute 'get_player_controller'
[2026-01-15 12:05:51.440] [ERROR   ] Error logging event: 'BlueprintGeneratedClass' object has no attribute 'get_full_name'
[2026-01-15 12:05:52.201] [INFO    ] === ITEM LOOKED AT HOOK TRIGGERED ===
[2026-01-15 12:05:52.201] [INFO    ] Item visible name: Unknown
[2026-01-15 12:05:52.201] [ERROR   ] Error getting class name: 'BlueprintGeneratedClass' object has no attribute 'get_full_name'
[2026-01-15 12:05:52.201] [ERROR   ] Error getting object name: 'BP_OakConsumableItemPickup_C' object has no attribute 'get_name'
[2026-01-15 12:05:52.201] [INFO    ] ITEM SEEN: Unknown
[2026-01-15 12:05:52.202] [ERROR   ] Error showing message on screen: module 'unrealsdk' has no attribute 'get_player_controller'
[2026-01-15 12:05:52.202] [INFO    ] CLASS: Unknown Class
[2026-01-15 12:05:52.202] [ERROR   ] Error showing message on screen: module 'unrealsdk' has no attribute 'get_player_controller'
[2026-01-15 12:05:52.202] [ERROR   ] Error logging event: 'BlueprintGeneratedClass' object has no attribute 'get_full_name'
[2026-01-15 12:05:52.231] [INFO    ] === ITEM LOOKED AT HOOK TRIGGERED ===
[2026-01-15 12:05:52.232] [INFO    ] Item visible name: Unknown
[2026-01-15 12:05:52.232] [ERROR   ] Error getting class name: 'BlueprintGeneratedClass' object has no attribute 'get_full_name'
[2026-01-15 12:05:52.232] [ERROR   ] Error getting object name: 'BP_OakConsumableItemPickup_C' object has no attribute 'get_name'
[2026-01-15 12:05:52.232] [INFO    ] ITEM SEEN: Unknown
[2026-01-15 12:05:52.232] [ERROR   ] Error showing message on screen: module 'unrealsdk' has no attribute 'get_player_controller'
[2026-01-15 12:05:52.232] [INFO    ] CLASS: Unknown Class
[2026-01-15 12:05:52.232] [ERROR   ] Error showing message on screen: module 'unrealsdk' has no attribute 'get_player_controller'
[2026-01-15 12:05:52.232] [ERROR   ] Error logging event: 'BlueprintGeneratedClass' object has no attribute 'get_full_name'
[2026-01-15 12:05:59.386] [INFO    ] === ITEM LOOKED AT HOOK TRIGGERED ===
[2026-01-15 12:05:59.386] [INFO    ] Item visible name: Unknown
[2026-01-15 12:05:59.386] [ERROR   ] Error getting class name: 'BlueprintGeneratedClass' object has no attribute 'get_full_name'
[2026-01-15 12:05:59.387] [ERROR   ] Error getting object name: 'BP_OakConsumableItemPickup_C' object has no attribute 'get_name'
[2026-01-15 12:05:59.387] [INFO    ] ITEM SEEN: Unknown
[2026-01-15 12:05:59.387] [ERROR   ] Error showing message on screen: module 'unrealsdk' has no attribute 'get_player_controller'
[2026-01-15 12:05:59.387] [INFO    ] CLASS: Unknown Class
[2026-01-15 12:05:59.387] [ERROR   ] Error showing message on screen: module 'unrealsdk' has no attribute 'get_player_controller'
[2026-01-15 12:05:59.387] [ERROR   ] Error logging event: 'BlueprintGeneratedClass' object has no attribute 'get_full_name'
[2026-01-15 12:05:59.738] [INFO    ] === ITEM LOOKED AT HOOK TRIGGERED ===
[2026-01-15 12:05:59.738] [INFO    ] Item visible name: Unknown
[2026-01-15 12:05:59.738] [ERROR   ] Error getting class name: 'BlueprintGeneratedClass' object has no attribute 'get_full_name'
[2026-01-15 12:05:59.739] [ERROR   ] Error getting object name: 'BP_OakConsumableItemPickup_C' object has no attribute 'get_name'
[2026-01-15 12:05:59.739] [INFO    ] ITEM SEEN: Unknown
[2026-01-15 12:05:59.739] [ERROR   ] Error showing message on screen: module 'unrealsdk' has no attribute 'get_player_controller'
[2026-01-15 12:05:59.739] [INFO    ] CLASS: Unknown Class
[2026-01-15 12:05:59.739] [ERROR   ] Error showing message on screen: module 'unrealsdk' has no attribute 'get_player_controller'
[2026-01-15 12:05:59.739] [ERROR   ] Error logging event: 'BlueprintGeneratedClass' object has no attribute 'get_full_name'
[2026-01-15 12:06:19.996] [INFO    ] === ITEM LOOKED AT HOOK TRIGGERED ===
[2026-01-15 12:06:19.997] [INFO    ] Item visible name: Unknown
[2026-01-15 12:06:19.997] [ERROR   ] Error getting class name: 'BlueprintGeneratedClass' object has no attribute 'get_full_name'
[2026-01-15 12:06:19.997] [ERROR   ] Error getting object name: 'BP_OakInventoryItemPickup_Shield_C' object has no attribute 'get_name'
[2026-01-15 12:06:19.997] [INFO    ] ITEM SEEN: Unknown
[2026-01-15 12:06:19.997] [ERROR   ] Error showing message on screen: module 'unrealsdk' has no attribute 'get_player_controller'
[2026-01-15 12:06:19.997] [INFO    ] CLASS: Unknown Class
[2026-01-15 12:06:19.998] [ERROR   ] Error showing message on screen: module 'unrealsdk' has no attribute 'get_player_controller'
[2026-01-15 12:06:19.998] [ERROR   ] Error logging event: 'BlueprintGeneratedClass' object has no attribute 'get_full_name'
[2026-01-15 12:06:25.867] [INFO    ] === ITEM LOOKED AT HOOK TRIGGERED ===
[2026-01-15 12:06:25.867] [INFO    ] Item visible name: Unknown
[2026-01-15 12:06:25.867] [ERROR   ] Error getting class name: 'BlueprintGeneratedClass' object has no attribute 'get_full_name'
[2026-01-15 12:06:25.867] [ERROR   ] Error getting object name: 'BP_OakInventoryItemPickup_GrenadeMod_C' object has no attribute 'get_name'
[2026-01-15 12:06:25.867] [INFO    ] ITEM SEEN: Unknown
[2026-01-15 12:06:25.868] [ERROR   ] Error showing message on screen: module 'unrealsdk' has no attribute 'get_player_controller'
[2026-01-15 12:06:25.868] [INFO    ] CLASS: Unknown Class
[2026-01-15 12:06:25.868] [ERROR   ] Error showing message on screen: module 'unrealsdk' has no attribute 'get_player_controller'
[2026-01-15 12:06:25.868] [ERROR   ] Error logging event: 'BlueprintGeneratedClass' object has no attribute 'get_full_name'
[2026-01-15 12:06:26.411] [INFO    ] === ITEM LOOKED AT HOOK TRIGGERED ===
[2026-01-15 12:06:26.412] [INFO    ] Item visible name: Unknown
[2026-01-15 12:06:26.412] [ERROR   ] Error getting class name: 'BlueprintGeneratedClass' object has no attribute 'get_full_name'
[2026-01-15 12:06:26.412] [ERROR   ] Error getting object name: 'BP_OakInventoryItemPickup_Shield_C' object has no attribute 'get_name'
[2026-01-15 12:06:26.412] [INFO    ] ITEM SEEN: Unknown
[2026-01-15 12:06:26.412] [ERROR   ] Error showing message on screen: module 'unrealsdk' has no attribute 'get_player_controller'
[2026-01-15 12:06:26.412] [INFO    ] CLASS: Unknown Class
[2026-01-15 12:06:26.412] [ERROR   ] Error showing message on screen: module 'unrealsdk' has no attribute 'get_player_controller'
[2026-01-15 12:06:26.412] [ERROR   ] Error logging event: 'BlueprintGeneratedClass' object has no attribute 'get_full_name'
[2026-01-15 12:06:26.714] [INFO    ] === ITEM LOOKED AT HOOK TRIGGERED ===
[2026-01-15 12:06:26.715] [INFO    ] Item visible name: Unknown
[2026-01-15 12:06:26.715] [ERROR   ] Error getting class name: 'BlueprintGeneratedClass' object has no attribute 'get_full_name'
[2026-01-15 12:06:26.715] [ERROR   ] Error getting object name: 'BP_OakInventoryItemPickup_GrenadeMod_C' object has no attribute 'get_name'
[2026-01-15 12:06:26.715] [INFO    ] ITEM SEEN: Unknown
[2026-01-15 12:06:26.715] [ERROR   ] Error showing message on screen: module 'unrealsdk' has no attribute 'get_player_controller'
[2026-01-15 12:06:26.716] [INFO    ] CLASS: Unknown Class
[2026-01-15 12:06:26.716] [ERROR   ] Error showing message on screen: module 'unrealsdk' has no attribute 'get_player_controller'
[2026-01-15 12:06:26.716] [ERROR   ] Error logging event: 'BlueprintGeneratedClass' object has no attribute 'get_full_name'
[2026-01-15 12:06:26.989] [INFO    ] === ITEM LOOKED AT HOOK TRIGGERED ===
[2026-01-15 12:06:26.989] [INFO    ] Item visible name: Unknown
[2026-01-15 12:06:26.989] [ERROR   ] Error getting class name: 'BlueprintGeneratedClass' object has no attribute 'get_full_name'
[2026-01-15 12:06:26.989] [ERROR   ] Error getting object name: 'BP_OakInventoryItemPickup_GrenadeMod_C' object has no attribute 'get_name'
[2026-01-15 12:06:26.989] [INFO    ] ITEM SEEN: Unknown
[2026-01-15 12:06:26.989] [ERROR   ] Error showing message on screen: module 'unrealsdk' has no attribute 'get_player_controller'
[2026-01-15 12:06:26.990] [INFO    ] CLASS: Unknown Class
[2026-01-15 12:06:26.990] [ERROR   ] Error showing message on screen: module 'unrealsdk' has no attribute 'get_player_controller'
[2026-01-15 12:06:26.990] [ERROR   ] Error logging event: 'BlueprintGeneratedClass' object has no attribute 'get_full_name'
[2026-01-15 12:06:27.510] [INFO    ] === ITEM LOOKED AT HOOK TRIGGERED ===
[2026-01-15 12:06:27.510] [INFO    ] Item visible name: Unknown
[2026-01-15 12:06:27.510] [ERROR   ] Error getting class name: 'BlueprintGeneratedClass' object has no attribute 'get_full_name'
[2026-01-15 12:06:27.510] [ERROR   ] Error getting object name: 'BP_OakInventoryItemPickup_GrenadeMod_C' object has no attribute 'get_name'
[2026-01-15 12:06:27.511] [INFO    ] ITEM SEEN: Unknown
[2026-01-15 12:06:27.511] [ERROR   ] Error showing message on screen: module 'unrealsdk' has no attribute 'get_player_controller'
[2026-01-15 12:06:27.511] [INFO    ] CLASS: Unknown Class
[2026-01-15 12:06:27.511] [ERROR   ] Error showing message on screen: module 'unrealsdk' has no attribute 'get_player_controller'
[2026-01-15 12:06:27.511] [ERROR   ] Error logging event: 'BlueprintGeneratedClass' object has no attribute 'get_full_name'
[2026-01-15 12:06:28.320] [INFO    ] === ITEM LOOKED AT HOOK TRIGGERED ===
[2026-01-15 12:06:28.320] [INFO    ] Item visible name: Unknown
[2026-01-15 12:06:28.321] [ERROR   ] Error getting class name: 'BlueprintGeneratedClass' object has no attribute 'get_full_name'
[2026-01-15 12:06:28.321] [ERROR   ] Error getting object name: 'BP_OakInventoryItemPickup_Classmod_C' object has no attribute 'get_name'
[2026-01-15 12:06:28.321] [INFO    ] ITEM SEEN: Unknown
[2026-01-15 12:06:28.321] [ERROR   ] Error showing message on screen: module 'unrealsdk' has no attribute 'get_player_controller'
[2026-01-15 12:06:28.321] [INFO    ] CLASS: Unknown Class
[2026-01-15 12:06:28.321] [ERROR   ] Error showing message on screen: module 'unrealsdk' has no attribute 'get_player_controller'
[2026-01-15 12:06:28.321] [ERROR   ] Error logging event: 'BlueprintGeneratedClass' object has no attribute 'get_full_name'
[2026-01-15 12:15:09.699] [INFO    ] ================================================================================
[2026-01-15 12:15:09.699] [INFO    ]   BD3MINER MOD STARTING
[2026-01-15 12:15:09.699] [INFO    ] ================================================================================
[2026-01-15 12:15:09.699] [INFO    ] Version: 1.1.0
[2026-01-15 12:15:09.699] [INFO    ] Log file: C:\Users\nitts\Documents\My Games\Borderlands 3\Logs\bd3miner.log
[2026-01-15 12:15:09.699] [INFO    ] Log directory exists: True
[2026-01-15 12:15:09.699] [INFO    ] ================================================================================
[2026-01-15 12:15:09.699] [INFO    ]   API DISCOVERY PHASE
[2026-01-15 12:15:09.700] [INFO    ] ================================================================================
[2026-01-15 12:15:09.700] [INFO    ] unrealsdk module contents: ['__doc__', '__loader__', '__name__', '__package__', '__spec__', '__version__', '__version_info__', 'commands', 'config', 'construct_object', 'find_all', 'find_class', 'find_enum', 'find_object', 'hooks', 'load_package', 'logging', 'make_struct', 'unreal']
[2026-01-15 12:15:09.700] [INFO    ] unrealsdk.hooks contents: ['Block', 'Type', 'Unset', '__doc__', '__loader__', '__name__', '__package__', '__spec__', 'add_hook', 'has_hook', 'inject_next_call', 'log_all_calls', 'prevent_hooking_direct_calls', 'remove_hook']
[2026-01-15 12:15:09.700] [INFO    ] unrealsdk.hook_manager not found
[2026-01-15 12:15:09.700] [INFO    ] ✅ Low-level hook API (add_hook) is available!
[2026-01-15 12:15:09.700] [INFO    ] ================================================================================
[2026-01-15 12:15:09.700] [INFO    ]   HOOK SETUP PHASE
[2026-01-15 12:15:09.700] [INFO    ] ================================================================================
[2026-01-15 12:15:09.700] [INFO    ] Original hooks are active:
[2026-01-15 12:15:09.700] [INFO    ]   ✅ /Script/GbxInventory.InventoryItemPickup:OnLookedAtByPlayer
[2026-01-15 12:15:09.700] [INFO    ]   ✅ /Script/OakGame.OakInteractiveObject:OnUsedBy
[2026-01-15 12:15:09.700] [INFO    ] ✅ SUCCESS! Hooked ProcessEvent via: ProcessEvent
[2026-01-15 12:15:09.701] [INFO    ] 🎉 Using ProcessEvent hook (BEST)
[2026-01-15 12:15:09.702] [INFO    ] ================================================================================
[2026-01-15 12:15:09.703] [INFO    ]   BD3MINER READY
[2026-01-15 12:15:09.703] [INFO    ] ================================================================================
[2026-01-15 12:15:09.703] [INFO    ] Mod is active! Check console (F6) and this log file
[2026-01-15 12:15:09.703] [INFO    ] 
[2026-01-15 12:15:09.703] [INFO    ] === USER INSTRUCTIONS ===
[2026-01-15 12:15:09.703] [INFO    ] 1. Look at items on the ground to scan them
[2026-01-15 12:15:09.703] [INFO    ] 2. Open chests/objects to scan them
[2026-01-15 12:15:09.703] [INFO    ] 3. Open/close inventory to trigger hooks
[2026-01-15 12:15:09.703] [INFO    ] 4. Move items to/from bank to trigger hooks
[2026-01-15 12:15:09.703] [INFO    ] 5. Check this log file for detailed information
[2026-01-15 12:15:09.703] [INFO    ] 6. Press F6 to see console output in real-time
[2026-01-15 12:15:09.704] [INFO    ] 
[2026-01-15 12:15:09.704] [INFO    ] If you see 'ProcessEvent hook' messages above, the advanced hook is working!
[2026-01-15 12:15:09.704] [INFO    ] If you see 'FALLBACK' messages, the mod is using backup hooks (still works!)
[2026-01-15 12:15:09.704] [INFO    ] 
[2026-01-15 12:17:47.762] [INFO    ] === ITEM LOOKED AT HOOK TRIGGERED ===
[2026-01-15 12:17:47.763] [INFO    ] Item visible name: Unknown
[2026-01-15 12:17:47.763] [ERROR   ] Error getting class name: 'BlueprintGeneratedClass' object has no attribute 'get_full_name'
[2026-01-15 12:17:47.763] [ERROR   ] Error getting object name: 'BP_OakConsumableItemPickup_C' object has no attribute 'get_name'
[2026-01-15 12:17:47.763] [INFO    ] ITEM SEEN: Unknown
[2026-01-15 12:17:47.763] [ERROR   ] Error showing message on screen: module 'unrealsdk' has no attribute 'get_player_controller'
[2026-01-15 12:17:47.764] [INFO    ] CLASS: Unknown Class
[2026-01-15 12:17:47.764] [ERROR   ] Error showing message on screen: module 'unrealsdk' has no attribute 'get_player_controller'
[2026-01-15 12:17:47.764] [ERROR   ] Error logging event: 'BlueprintGeneratedClass' object has no attribute 'get_full_name'
[2026-01-15 12:17:47.869] [INFO    ] === ITEM LOOKED AT HOOK TRIGGERED ===
[2026-01-15 12:17:47.869] [INFO    ] Item visible name: Unknown
[2026-01-15 12:17:47.869] [ERROR   ] Error getting class name: 'BlueprintGeneratedClass' object has no attribute 'get_full_name'
[2026-01-15 12:17:47.869] [ERROR   ] Error getting object name: 'BP_OakConsumableItemPickup_C' object has no attribute 'get_name'
[2026-01-15 12:17:47.870] [INFO    ] ITEM SEEN: Unknown
[2026-01-15 12:17:47.870] [ERROR   ] Error showing message on screen: module 'unrealsdk' has no attribute 'get_player_controller'
[2026-01-15 12:17:47.870] [INFO    ] CLASS: Unknown Class
[2026-01-15 12:17:47.870] [ERROR   ] Error showing message on screen: module 'unrealsdk' has no attribute 'get_player_controller'
[2026-01-15 12:17:47.870] [ERROR   ] Error logging event: 'BlueprintGeneratedClass' object has no attribute 'get_full_name'
[2026-01-15 12:17:47.934] [INFO    ] === ITEM LOOKED AT HOOK TRIGGERED ===
[2026-01-15 12:17:47.934] [INFO    ] Item visible name: Unknown
[2026-01-15 12:17:47.934] [ERROR   ] Error getting class name: 'BlueprintGeneratedClass' object has no attribute 'get_full_name'
[2026-01-15 12:17:47.934] [ERROR   ] Error getting object name: 'BP_OakConsumableItemPickup_C' object has no attribute 'get_name'
[2026-01-15 12:17:47.935] [INFO    ] ITEM SEEN: Unknown
[2026-01-15 12:17:47.935] [ERROR   ] Error showing message on screen: module 'unrealsdk' has no attribute 'get_player_controller'
[2026-01-15 12:17:47.935] [INFO    ] CLASS: Unknown Class
[2026-01-15 12:17:47.935] [ERROR   ] Error showing message on screen: module 'unrealsdk' has no attribute 'get_player_controller'
[2026-01-15 12:17:47.935] [ERROR   ] Error logging event: 'BlueprintGeneratedClass' object has no attribute 'get_full_name'
[2026-01-15 12:17:47.946] [INFO    ] === ITEM LOOKED AT HOOK TRIGGERED ===
[2026-01-15 12:17:47.947] [INFO    ] Item visible name: Unknown
[2026-01-15 12:17:47.947] [ERROR   ] Error getting class name: 'BlueprintGeneratedClass' object has no attribute 'get_full_name'
[2026-01-15 12:17:47.947] [ERROR   ] Error getting object name: 'BP_OakConsumableItemPickup_C' object has no attribute 'get_name'
[2026-01-15 12:17:47.947] [INFO    ] ITEM SEEN: Unknown
[2026-01-15 12:17:47.947] [ERROR   ] Error showing message on screen: module 'unrealsdk' has no attribute 'get_player_controller'
[2026-01-15 12:17:47.948] [INFO    ] CLASS: Unknown Class
[2026-01-15 12:17:47.948] [ERROR   ] Error showing message on screen: module 'unrealsdk' has no attribute 'get_player_controller'
[2026-01-15 12:17:47.948] [ERROR   ] Error logging event: 'BlueprintGeneratedClass' object has no attribute 'get_full_name'
[2026-01-15 12:17:47.968] [INFO    ] === ITEM LOOKED AT HOOK TRIGGERED ===
[2026-01-15 12:17:47.968] [INFO    ] Item visible name: Unknown
[2026-01-15 12:17:47.968] [ERROR   ] Error getting class name: 'BlueprintGeneratedClass' object has no attribute 'get_full_name'
[2026-01-15 12:17:47.969] [ERROR   ] Error getting object name: 'BP_OakConsumableItemPickup_C' object has no attribute 'get_name'
[2026-01-15 12:17:47.969] [INFO    ] ITEM SEEN: Unknown
[2026-01-15 12:17:47.969] [ERROR   ] Error showing message on screen: module 'unrealsdk' has no attribute 'get_player_controller'
[2026-01-15 12:17:47.969] [INFO    ] CLASS: Unknown Class
[2026-01-15 12:17:47.969] [ERROR   ] Error showing message on screen: module 'unrealsdk' has no attribute 'get_player_controller'
[2026-01-15 12:17:47.969] [ERROR   ] Error logging event: 'BlueprintGeneratedClass' object has no attribute 'get_full_name'
[2026-01-15 12:17:57.123] [INFO    ] === ITEM LOOKED AT HOOK TRIGGERED ===
[2026-01-15 12:17:57.123] [INFO    ] Item visible name: Unknown
[2026-01-15 12:17:57.123] [ERROR   ] Error getting class name: 'BlueprintGeneratedClass' object has no attribute 'get_full_name'
[2026-01-15 12:17:57.123] [ERROR   ] Error getting object name: 'BP_OakConsumableItemPickup_C' object has no attribute 'get_name'
[2026-01-15 12:17:57.124] [INFO    ] ITEM SEEN: Unknown
[2026-01-15 12:17:57.124] [ERROR   ] Error showing message on screen: module 'unrealsdk' has no attribute 'get_player_controller'
[2026-01-15 12:17:57.124] [INFO    ] CLASS: Unknown Class
[2026-01-15 12:17:57.124] [ERROR   ] Error showing message on screen: module 'unrealsdk' has no attribute 'get_player_controller'
[2026-01-15 12:17:57.124] [ERROR   ] Error logging event: 'BlueprintGeneratedClass' object has no attribute 'get_full_name'
[2026-01-15 12:17:58.538] [INFO    ] === ITEM LOOKED AT HOOK TRIGGERED ===
[2026-01-15 12:17:58.538] [INFO    ] Item visible name: Unknown
[2026-01-15 12:17:58.539] [ERROR   ] Error getting class name: 'BlueprintGeneratedClass' object has no attribute 'get_full_name'
[2026-01-15 12:17:58.539] [ERROR   ] Error getting object name: 'BP_OakConsumableItemPickup_C' object has no attribute 'get_name'
[2026-01-15 12:17:58.539] [INFO    ] ITEM SEEN: Unknown
[2026-01-15 12:17:58.539] [ERROR   ] Error showing message on screen: module 'unrealsdk' has no attribute 'get_player_controller'
[2026-01-15 12:17:58.539] [INFO    ] CLASS: Unknown Class
[2026-01-15 12:17:58.539] [ERROR   ] Error showing message on screen: module 'unrealsdk' has no attribute 'get_player_controller'
[2026-01-15 12:17:58.539] [ERROR   ] Error logging event: 'BlueprintGeneratedClass' object has no attribute 'get_full_name'
[2026-01-15 12:17:58.744] [INFO    ] === ITEM LOOKED AT HOOK TRIGGERED ===
[2026-01-15 12:17:58.744] [INFO    ] Item visible name: Unknown
[2026-01-15 12:17:58.745] [ERROR   ] Error getting class name: 'BlueprintGeneratedClass' object has no attribute 'get_full_name'
[2026-01-15 12:17:58.745] [ERROR   ] Error getting object name: 'BP_OakConsumableItemPickup_C' object has no attribute 'get_name'
[2026-01-15 12:17:58.745] [INFO    ] ITEM SEEN: Unknown
[2026-01-15 12:17:58.745] [ERROR   ] Error showing message on screen: module 'unrealsdk' has no attribute 'get_player_controller'
[2026-01-15 12:17:58.745] [INFO    ] CLASS: Unknown Class
[2026-01-15 12:17:58.745] [ERROR   ] Error showing message on screen: module 'unrealsdk' has no attribute 'get_player_controller'
[2026-01-15 12:17:58.745] [ERROR   ] Error logging event: 'BlueprintGeneratedClass' object has no attribute 'get_full_name'
[2026-01-15 12:18:05.843] [INFO    ] === ITEM LOOKED AT HOOK TRIGGERED ===
[2026-01-15 12:18:05.843] [INFO    ] Item visible name: Unknown
[2026-01-15 12:18:05.843] [ERROR   ] Error getting class name: 'BlueprintGeneratedClass' object has no attribute 'get_full_name'
[2026-01-15 12:18:05.843] [ERROR   ] Error getting object name: 'BP_OakInventoryItemPickup_Shield_C' object has no attribute 'get_name'
[2026-01-15 12:18:05.844] [INFO    ] ITEM SEEN: Unknown
[2026-01-15 12:18:05.844] [ERROR   ] Error showing message on screen: module 'unrealsdk' has no attribute 'get_player_controller'
[2026-01-15 12:18:05.844] [INFO    ] CLASS: Unknown Class
[2026-01-15 12:18:05.844] [ERROR   ] Error showing message on screen: module 'unrealsdk' has no attribute 'get_player_controller'
[2026-01-15 12:18:05.844] [ERROR   ] Error logging event: 'BlueprintGeneratedClass' object has no attribute 'get_full_name'
[2026-01-15 12:18:06.410] [INFO    ] === ITEM LOOKED AT HOOK TRIGGERED ===
[2026-01-15 12:18:06.410] [INFO    ] Item visible name: Unknown
[2026-01-15 12:18:06.411] [ERROR   ] Error getting class name: 'BlueprintGeneratedClass' object has no attribute 'get_full_name'
[2026-01-15 12:18:06.411] [ERROR   ] Error getting object name: 'BP_OakInventoryItemPickup_GrenadeMod_C' object has no attribute 'get_name'
[2026-01-15 12:18:06.411] [INFO    ] ITEM SEEN: Unknown
[2026-01-15 12:18:06.411] [ERROR   ] Error showing message on screen: module 'unrealsdk' has no attribute 'get_player_controller'
[2026-01-15 12:18:06.411] [INFO    ] CLASS: Unknown Class
[2026-01-15 12:18:06.411] [ERROR   ] Error showing message on screen: module 'unrealsdk' has no attribute 'get_player_controller'
[2026-01-15 12:18:06.411] [ERROR   ] Error logging event: 'BlueprintGeneratedClass' object has no attribute 'get_full_name'
[2026-01-15 12:18:06.526] [INFO    ] === ITEM LOOKED AT HOOK TRIGGERED ===
[2026-01-15 12:18:06.527] [INFO    ] Item visible name: Unknown
[2026-01-15 12:18:06.527] [ERROR   ] Error getting class name: 'BlueprintGeneratedClass' object has no attribute 'get_full_name'
[2026-01-15 12:18:06.527] [ERROR   ] Error getting object name: 'BP_OakInventoryItemPickup_GrenadeMod_C' object has no attribute 'get_name'
[2026-01-15 12:18:06.527] [INFO    ] ITEM SEEN: Unknown
[2026-01-15 12:18:06.527] [ERROR   ] Error showing message on screen: module 'unrealsdk' has no attribute 'get_player_controller'
[2026-01-15 12:18:06.527] [INFO    ] CLASS: Unknown Class
[2026-01-15 12:18:06.528] [ERROR   ] Error showing message on screen: module 'unrealsdk' has no attribute 'get_player_controller'
[2026-01-15 12:18:06.528] [ERROR   ] Error logging event: 'BlueprintGeneratedClass' object has no attribute 'get_full_name'
[2026-01-15 12:18:14.280] [INFO    ] === ITEM LOOKED AT HOOK TRIGGERED ===
[2026-01-15 12:18:14.281] [INFO    ] Item visible name: Unknown
[2026-01-15 12:18:14.281] [ERROR   ] Error getting class name: 'BlueprintGeneratedClass' object has no attribute 'get_full_name'
[2026-01-15 12:18:14.282] [ERROR   ] Error getting object name: 'BP_OakInventoryItemPickup_Shield_C' object has no attribute 'get_name'
[2026-01-15 12:18:14.282] [INFO    ] ITEM SEEN: Unknown
[2026-01-15 12:18:14.282] [ERROR   ] Error showing message on screen: module 'unrealsdk' has no attribute 'get_player_controller'
[2026-01-15 12:18:14.282] [INFO    ] CLASS: Unknown Class
[2026-01-15 12:18:14.282] [ERROR   ] Error showing message on screen: module 'unrealsdk' has no attribute 'get_player_controller'
[2026-01-15 12:18:14.282] [ERROR   ] Error logging event: 'BlueprintGeneratedClass' object has no attribute 'get_full_name'
[2026-01-15 12:18:14.812] [INFO    ] === ITEM LOOKED AT HOOK TRIGGERED ===
[2026-01-15 12:18:14.813] [INFO    ] Item visible name: Unknown
[2026-01-15 12:18:14.813] [ERROR   ] Error getting class name: 'BlueprintGeneratedClass' object has no attribute 'get_full_name'
[2026-01-15 12:18:14.813] [ERROR   ] Error getting object name: 'BP_OakInventoryItemPickup_GrenadeMod_C' object has no attribute 'get_name'
[2026-01-15 12:18:14.813] [INFO    ] ITEM SEEN: Unknown
[2026-01-15 12:18:14.813] [ERROR   ] Error showing message on screen: module 'unrealsdk' has no attribute 'get_player_controller'
[2026-01-15 12:18:14.813] [INFO    ] CLASS: Unknown Class
[2026-01-15 12:18:14.814] [ERROR   ] Error showing message on screen: module 'unrealsdk' has no attribute 'get_player_controller'
[2026-01-15 12:18:14.814] [ERROR   ] Error logging event: 'BlueprintGeneratedClass' object has no attribute 'get_full_name'
[2026-01-15 12:18:15.108] [INFO    ] === ITEM LOOKED AT HOOK TRIGGERED ===
[2026-01-15 12:18:15.109] [INFO    ] Item visible name: Unknown
[2026-01-15 12:18:15.109] [ERROR   ] Error getting class name: 'BlueprintGeneratedClass' object has no attribute 'get_full_name'
[2026-01-15 12:18:15.109] [ERROR   ] Error getting object name: 'BP_OakInventoryItemPickup_GrenadeMod_C' object has no attribute 'get_name'
[2026-01-15 12:18:15.109] [INFO    ] ITEM SEEN: Unknown
[2026-01-15 12:18:15.109] [ERROR   ] Error showing message on screen: module 'unrealsdk' has no attribute 'get_player_controller'
[2026-01-15 12:18:15.109] [INFO    ] CLASS: Unknown Class
[2026-01-15 12:18:15.109] [ERROR   ] Error showing message on screen: module 'unrealsdk' has no attribute 'get_player_controller'
[2026-01-15 12:18:15.110] [ERROR   ] Error logging event: 'BlueprintGeneratedClass' object has no attribute 'get_full_name'
[2026-01-15 12:18:15.349] [INFO    ] === ITEM LOOKED AT HOOK TRIGGERED ===
[2026-01-15 12:18:15.350] [INFO    ] Item visible name: Unknown
[2026-01-15 12:18:15.350] [ERROR   ] Error getting class name: 'BlueprintGeneratedClass' object has no attribute 'get_full_name'
[2026-01-15 12:18:15.350] [ERROR   ] Error getting object name: 'BP_OakInventoryItemPickup_GrenadeMod_C' object has no attribute 'get_name'
[2026-01-15 12:18:15.350] [INFO    ] ITEM SEEN: Unknown
[2026-01-15 12:18:15.350] [ERROR   ] Error showing message on screen: module 'unrealsdk' has no attribute 'get_player_controller'
[2026-01-15 12:18:15.350] [INFO    ] CLASS: Unknown Class
[2026-01-15 12:18:15.351] [ERROR   ] Error showing message on screen: module 'unrealsdk' has no attribute 'get_player_controller'
[2026-01-15 12:18:15.351] [ERROR   ] Error logging event: 'BlueprintGeneratedClass' object has no attribute 'get_full_name'
[2026-01-15 12:18:25.966] [INFO    ] === ITEM LOOKED AT HOOK TRIGGERED ===
[2026-01-15 12:18:25.966] [INFO    ] Item visible name: Unknown
[2026-01-15 12:18:25.967] [ERROR   ] Error getting class name: 'BlueprintGeneratedClass' object has no attribute 'get_full_name'
[2026-01-15 12:18:25.967] [ERROR   ] Error getting object name: 'BP_OakConsumableItemPickup_C' object has no attribute 'get_name'
[2026-01-15 12:18:25.967] [INFO    ] ITEM SEEN: Unknown
[2026-01-15 12:18:25.967] [ERROR   ] Error showing message on screen: module 'unrealsdk' has no attribute 'get_player_controller'
[2026-01-15 12:18:25.967] [INFO    ] CLASS: Unknown Class
[2026-01-15 12:18:25.967] [ERROR   ] Error showing message on screen: module 'unrealsdk' has no attribute 'get_player_controller'
[2026-01-15 12:18:25.967] [ERROR   ] Error logging event: 'BlueprintGeneratedClass' object has no attribute 'get_full_name'
[2026-01-15 12:18:26.385] [INFO    ] === ITEM LOOKED AT HOOK TRIGGERED ===
[2026-01-15 12:18:26.386] [INFO    ] Item visible name: Unknown
[2026-01-15 12:18:26.386] [ERROR   ] Error getting class name: 'BlueprintGeneratedClass' object has no attribute 'get_full_name'
[2026-01-15 12:18:26.386] [ERROR   ] Error getting object name: 'BP_OakConsumableItemPickup_C' object has no attribute 'get_name'
[2026-01-15 12:18:26.386] [INFO    ] ITEM SEEN: Unknown
[2026-01-15 12:18:26.386] [ERROR   ] Error showing message on screen: module 'unrealsdk' has no attribute 'get_player_controller'
[2026-01-15 12:18:26.386] [INFO    ] CLASS: Unknown Class
[2026-01-15 12:18:26.386] [ERROR   ] Error showing message on screen: module 'unrealsdk' has no attribute 'get_player_controller'
[2026-01-15 12:18:26.386] [ERROR   ] Error logging event: 'BlueprintGeneratedClass' object has no attribute 'get_full_name'
[2026-01-15 12:18:26.429] [INFO    ] === ITEM LOOKED AT HOOK TRIGGERED ===
[2026-01-15 12:18:26.429] [INFO    ] Item visible name: Unknown
[2026-01-15 12:18:26.429] [ERROR   ] Error getting class name: 'BlueprintGeneratedClass' object has no attribute 'get_full_name'
[2026-01-15 12:18:26.430] [ERROR   ] Error getting object name: 'BP_OakConsumableItemPickup_C' object has no attribute 'get_name'
[2026-01-15 12:18:26.430] [INFO    ] ITEM SEEN: Unknown
[2026-01-15 12:18:26.430] [ERROR   ] Error showing message on screen: module 'unrealsdk' has no attribute 'get_player_controller'
[2026-01-15 12:18:26.430] [INFO    ] CLASS: Unknown Class
[2026-01-15 12:18:26.430] [ERROR   ] Error showing message on screen: module 'unrealsdk' has no attribute 'get_player_controller'
[2026-01-15 12:18:26.430] [ERROR   ] Error logging event: 'BlueprintGeneratedClass' object has no attribute 'get_full_name'
[2026-01-15 12:18:42.444] [INFO    ] === ITEM LOOKED AT HOOK TRIGGERED ===
[2026-01-15 12:18:42.444] [INFO    ] Item visible name: Unknown
[2026-01-15 12:18:42.444] [ERROR   ] Error getting class name: 'BlueprintGeneratedClass' object has no attribute 'get_full_name'
[2026-01-15 12:18:42.445] [ERROR   ] Error getting object name: 'BP_OakConsumableItemPickup_C' object has no attribute 'get_name'
[2026-01-15 12:18:42.445] [INFO    ] ITEM SEEN: Unknown
[2026-01-15 12:18:42.445] [ERROR   ] Error showing message on screen: module 'unrealsdk' has no attribute 'get_player_controller'
[2026-01-15 12:18:42.445] [INFO    ] CLASS: Unknown Class
[2026-01-15 12:18:42.445] [ERROR   ] Error showing message on screen: module 'unrealsdk' has no attribute 'get_player_controller'
[2026-01-15 12:18:42.445] [ERROR   ] Error logging event: 'BlueprintGeneratedClass' object has no attribute 'get_full_name'
[2026-01-15 12:18:46.735] [INFO    ] === ITEM LOOKED AT HOOK TRIGGERED ===
[2026-01-15 12:18:46.736] [INFO    ] Item visible name: Unknown
[2026-01-15 12:18:46.736] [ERROR   ] Error getting class name: 'BlueprintGeneratedClass' object has no attribute 'get_full_name'
[2026-01-15 12:18:46.736] [ERROR   ] Error getting object name: 'BP_OakConsumableItemPickup_C' object has no attribute 'get_name'
[2026-01-15 12:18:46.736] [INFO    ] ITEM SEEN: Unknown
[2026-01-15 12:18:46.737] [ERROR   ] Error showing message on screen: module 'unrealsdk' has no attribute 'get_player_controller'
[2026-01-15 12:18:46.737] [INFO    ] CLASS: Unknown Class
[2026-01-15 12:18:46.737] [ERROR   ] Error showing message on screen: module 'unrealsdk' has no attribute 'get_player_controller'
[2026-01-15 12:18:46.737] [ERROR   ] Error logging event: 'BlueprintGeneratedClass' object has no attribute 'get_full_name'
[2026-01-15 12:18:47.772] [INFO    ] === ITEM LOOKED AT HOOK TRIGGERED ===
[2026-01-15 12:18:47.772] [INFO    ] Item visible name: Unknown
[2026-01-15 12:18:47.772] [ERROR   ] Error getting class name: 'BlueprintGeneratedClass' object has no attribute 'get_full_name'
[2026-01-15 12:18:47.772] [ERROR   ] Error getting object name: 'BP_OakConsumableItemPickup_C' object has no attribute 'get_name'
[2026-01-15 12:18:47.772] [INFO    ] ITEM SEEN: Unknown
[2026-01-15 12:18:47.773] [ERROR   ] Error showing message on screen: module 'unrealsdk' has no attribute 'get_player_controller'
[2026-01-15 12:18:47.773] [INFO    ] CLASS: Unknown Class
[2026-01-15 12:18:47.773] [ERROR   ] Error showing message on screen: module 'unrealsdk' has no attribute 'get_player_controller'
[2026-01-15 12:18:47.773] [ERROR   ] Error logging event: 'BlueprintGeneratedClass' object has no attribute 'get_full_name'
[2026-01-15 12:18:49.497] [INFO    ] === ITEM LOOKED AT HOOK TRIGGERED ===
[2026-01-15 12:18:49.497] [INFO    ] Item visible name: Unknown
[2026-01-15 12:18:49.498] [ERROR   ] Error getting class name: 'BlueprintGeneratedClass' object has no attribute 'get_full_name'
[2026-01-15 12:18:49.498] [ERROR   ] Error getting object name: 'BP_OakConsumableItemPickup_C' object has no attribute 'get_name'
[2026-01-15 12:18:49.498] [INFO    ] ITEM SEEN: Unknown
[2026-01-15 12:18:49.498] [ERROR   ] Error showing message on screen: module 'unrealsdk' has no attribute 'get_player_controller'
[2026-01-15 12:18:49.498] [INFO    ] CLASS: Unknown Class
[2026-01-15 12:18:49.498] [ERROR   ] Error showing message on screen: module 'unrealsdk' has no attribute 'get_player_controller'
[2026-01-15 12:18:49.498] [ERROR   ] Error logging event: 'BlueprintGeneratedClass' object has no attribute 'get_full_name'
[2026-01-15 12:18:49.537] [INFO    ] === ITEM LOOKED AT HOOK TRIGGERED ===
[2026-01-15 12:18:49.537] [INFO    ] Item visible name: Unknown
[2026-01-15 12:18:49.538] [ERROR   ] Error getting class name: 'BlueprintGeneratedClass' object has no attribute 'get_full_name'
[2026-01-15 12:18:49.538] [ERROR   ] Error getting object name: 'BP_OakConsumableItemPickup_C' object has no attribute 'get_name'
[2026-01-15 12:18:49.538] [INFO    ] ITEM SEEN: Unknown
[2026-01-15 12:18:49.538] [ERROR   ] Error showing message on screen: module 'unrealsdk' has no attribute 'get_player_controller'
[2026-01-15 12:18:49.538] [INFO    ] CLASS: Unknown Class
[2026-01-15 12:18:49.538] [ERROR   ] Error showing message on screen: module 'unrealsdk' has no attribute 'get_player_controller'
[2026-01-15 12:18:49.538] [ERROR   ] Error logging event: 'BlueprintGeneratedClass' object has no attribute 'get_full_name'
[2026-01-15 12:18:49.577] [INFO    ] === ITEM LOOKED AT HOOK TRIGGERED ===
[2026-01-15 12:18:49.577] [INFO    ] Item visible name: Unknown
[2026-01-15 12:18:49.577] [ERROR   ] Error getting class name: 'BlueprintGeneratedClass' object has no attribute 'get_full_name'
[2026-01-15 12:18:49.577] [ERROR   ] Error getting object name: 'BP_OakConsumableItemPickup_C' object has no attribute 'get_name'
[2026-01-15 12:18:49.577] [INFO    ] ITEM SEEN: Unknown
[2026-01-15 12:18:49.578] [ERROR   ] Error showing message on screen: module 'unrealsdk' has no attribute 'get_player_controller'
[2026-01-15 12:18:49.578] [INFO    ] CLASS: Unknown Class
[2026-01-15 12:18:49.578] [ERROR   ] Error showing message on screen: module 'unrealsdk' has no attribute 'get_player_controller'
[2026-01-15 12:18:49.578] [ERROR   ] Error logging event: 'BlueprintGeneratedClass' object has no attribute 'get_full_name'
[2026-01-15 12:18:57.800] [INFO    ] === ITEM LOOKED AT HOOK TRIGGERED ===
[2026-01-15 12:18:57.800] [INFO    ] Item visible name: Unknown
[2026-01-15 12:18:57.801] [ERROR   ] Error getting class name: 'BlueprintGeneratedClass' object has no attribute 'get_full_name'
[2026-01-15 12:18:57.801] [ERROR   ] Error getting object name: 'BP_OakConsumableItemPickup_C' object has no attribute 'get_name'
[2026-01-15 12:18:57.801] [INFO    ] ITEM SEEN: Unknown
[2026-01-15 12:18:57.801] [ERROR   ] Error showing message on screen: module 'unrealsdk' has no attribute 'get_player_controller'
[2026-01-15 12:18:57.801] [INFO    ] CLASS: Unknown Class
[2026-01-15 12:18:57.801] [ERROR   ] Error showing message on screen: module 'unrealsdk' has no attribute 'get_player_controller'
[2026-01-15 12:18:57.801] [ERROR   ] Error logging event: 'BlueprintGeneratedClass' object has no attribute 'get_full_name'
[2026-01-15 12:18:58.096] [INFO    ] === ITEM LOOKED AT HOOK TRIGGERED ===
[2026-01-15 12:18:58.097] [INFO    ] Item visible name: Unknown
[2026-01-15 12:18:58.097] [ERROR   ] Error getting class name: 'BlueprintGeneratedClass' object has no attribute 'get_full_name'
[2026-01-15 12:18:58.097] [ERROR   ] Error getting object name: 'BP_OakConsumableItemPickup_C' object has no attribute 'get_name'
[2026-01-15 12:18:58.097] [INFO    ] ITEM SEEN: Unknown
[2026-01-15 12:18:58.097] [ERROR   ] Error showing message on screen: module 'unrealsdk' has no attribute 'get_player_controller'
[2026-01-15 12:18:58.097] [INFO    ] CLASS: Unknown Class
[2026-01-15 12:18:58.097] [ERROR   ] Error showing message on screen: module 'unrealsdk' has no attribute 'get_player_controller'
[2026-01-15 12:18:58.097] [ERROR   ] Error logging event: 'BlueprintGeneratedClass' object has no attribute 'get_full_name'
[2026-01-15 12:18:59.032] [INFO    ] === ITEM LOOKED AT HOOK TRIGGERED ===
[2026-01-15 12:18:59.032] [INFO    ] Item visible name: Unknown
[2026-01-15 12:18:59.032] [ERROR   ] Error getting class name: 'BlueprintGeneratedClass' object has no attribute 'get_full_name'
[2026-01-15 12:18:59.032] [ERROR   ] Error getting object name: 'BP_OakWeaponPickup_C' object has no attribute 'get_name'
[2026-01-15 12:18:59.033] [INFO    ] ITEM SEEN: Unknown
[2026-01-15 12:18:59.033] [ERROR   ] Error showing message on screen: module 'unrealsdk' has no attribute 'get_player_controller'
[2026-01-15 12:18:59.033] [INFO    ] CLASS: Unknown Class
[2026-01-15 12:18:59.033] [ERROR   ] Error showing message on screen: module 'unrealsdk' has no attribute 'get_player_controller'
[2026-01-15 12:18:59.033] [ERROR   ] Error logging event: 'BlueprintGeneratedClass' object has no attribute 'get_full_name'
[2026-01-15 12:18:59.785] [INFO    ] === ITEM LOOKED AT HOOK TRIGGERED ===
[2026-01-15 12:18:59.785] [INFO    ] Item visible name: Unknown
[2026-01-15 12:18:59.785] [ERROR   ] Error getting class name: 'BlueprintGeneratedClass' object has no attribute 'get_full_name'
[2026-01-15 12:18:59.786] [ERROR   ] Error getting object name: 'BP_OakInventoryItemPickup_GrenadeMod_C' object has no attribute 'get_name'
[2026-01-15 12:18:59.786] [INFO    ] ITEM SEEN: Unknown
[2026-01-15 12:18:59.786] [ERROR   ] Error showing message on screen: module 'unrealsdk' has no attribute 'get_player_controller'
[2026-01-15 12:18:59.786] [INFO    ] CLASS: Unknown Class
[2026-01-15 12:18:59.786] [ERROR   ] Error showing message on screen: module 'unrealsdk' has no attribute 'get_player_controller'
[2026-01-15 12:18:59.786] [ERROR   ] Error logging event: 'BlueprintGeneratedClass' object has no attribute 'get_full_name'
[2026-01-15 12:19:00.259] [INFO    ] === ITEM LOOKED AT HOOK TRIGGERED ===
[2026-01-15 12:19:00.259] [INFO    ] Item visible name: Unknown
[2026-01-15 12:19:00.260] [ERROR   ] Error getting class name: 'BlueprintGeneratedClass' object has no attribute 'get_full_name'
[2026-01-15 12:19:00.260] [ERROR   ] Error getting object name: 'BP_OakConsumableItemPickup_C' object has no attribute 'get_name'
[2026-01-15 12:19:00.260] [INFO    ] ITEM SEEN: Unknown
[2026-01-15 12:19:00.260] [ERROR   ] Error showing message on screen: module 'unrealsdk' has no attribute 'get_player_controller'
[2026-01-15 12:19:00.260] [INFO    ] CLASS: Unknown Class
[2026-01-15 12:19:00.260] [ERROR   ] Error showing message on screen: module 'unrealsdk' has no attribute 'get_player_controller'
[2026-01-15 12:19:00.260] [ERROR   ] Error logging event: 'BlueprintGeneratedClass' object has no attribute 'get_full_name'
[2026-01-15 12:19:00.525] [INFO    ] === ITEM LOOKED AT HOOK TRIGGERED ===
[2026-01-15 12:19:00.526] [INFO    ] Item visible name: Unknown
[2026-01-15 12:19:00.526] [ERROR   ] Error getting class name: 'BlueprintGeneratedClass' object has no attribute 'get_full_name'
[2026-01-15 12:19:00.526] [ERROR   ] Error getting object name: 'BP_OakConsumableItemPickup_C' object has no attribute 'get_name'
[2026-01-15 12:19:00.526] [INFO    ] ITEM SEEN: Unknown
[2026-01-15 12:19:00.526] [ERROR   ] Error showing message on screen: module 'unrealsdk' has no attribute 'get_player_controller'
[2026-01-15 12:19:00.526] [INFO    ] CLASS: Unknown Class
[2026-01-15 12:19:00.526] [ERROR   ] Error showing message on screen: module 'unrealsdk' has no attribute 'get_player_controller'
[2026-01-15 12:19:00.527] [ERROR   ] Error logging event: 'BlueprintGeneratedClass' object has no attribute 'get_full_name'
[2026-01-15 12:19:01.120] [INFO    ] === ITEM LOOKED AT HOOK TRIGGERED ===
[2026-01-15 12:19:01.121] [INFO    ] Item visible name: Unknown
[2026-01-15 12:19:01.121] [ERROR   ] Error getting class name: 'BlueprintGeneratedClass' object has no attribute 'get_full_name'
[2026-01-15 12:19:01.121] [ERROR   ] Error getting object name: 'BP_OakConsumableItemPickup_C' object has no attribute 'get_name'
[2026-01-15 12:19:01.121] [INFO    ] ITEM SEEN: Unknown
[2026-01-15 12:19:01.121] [ERROR   ] Error showing message on screen: module 'unrealsdk' has no attribute 'get_player_controller'
[2026-01-15 12:19:01.121] [INFO    ] CLASS: Unknown Class
[2026-01-15 12:19:01.121] [ERROR   ] Error showing message on screen: module 'unrealsdk' has no attribute 'get_player_controller'
[2026-01-15 12:19:01.122] [ERROR   ] Error logging event: 'BlueprintGeneratedClass' object has no attribute 'get_full_name'
[2026-01-15 12:19:02.745] [INFO    ] === ITEM LOOKED AT HOOK TRIGGERED ===
[2026-01-15 12:19:02.745] [INFO    ] Item visible name: Unknown
[2026-01-15 12:19:02.746] [ERROR   ] Error getting class name: 'BlueprintGeneratedClass' object has no attribute 'get_full_name'
[2026-01-15 12:19:02.746] [ERROR   ] Error getting object name: 'BP_OakConsumableItemPickup_C' object has no attribute 'get_name'
[2026-01-15 12:19:02.746] [INFO    ] ITEM SEEN: Unknown
[2026-01-15 12:19:02.746] [ERROR   ] Error showing message on screen: module 'unrealsdk' has no attribute 'get_player_controller'
[2026-01-15 12:19:02.746] [INFO    ] CLASS: Unknown Class
[2026-01-15 12:19:02.746] [ERROR   ] Error showing message on screen: module 'unrealsdk' has no attribute 'get_player_controller'
[2026-01-15 12:19:02.746] [ERROR   ] Error logging event: 'BlueprintGeneratedClass' object has no attribute 'get_full_name'
[2026-01-15 12:19:02.767] [INFO    ] === ITEM LOOKED AT HOOK TRIGGERED ===
[2026-01-15 12:19:02.767] [INFO    ] Item visible name: Unknown
[2026-01-15 12:19:02.767] [ERROR   ] Error getting class name: 'BlueprintGeneratedClass' object has no attribute 'get_full_name'
[2026-01-15 12:19:02.768] [ERROR   ] Error getting object name: 'BP_OakConsumableItemPickup_C' object has no attribute 'get_name'
[2026-01-15 12:19:02.768] [INFO    ] ITEM SEEN: Unknown
[2026-01-15 12:19:02.768] [ERROR   ] Error showing message on screen: module 'unrealsdk' has no attribute 'get_player_controller'
[2026-01-15 12:19:02.768] [INFO    ] CLASS: Unknown Class
[2026-01-15 12:19:02.768] [ERROR   ] Error showing message on screen: module 'unrealsdk' has no attribute 'get_player_controller'
[2026-01-15 12:19:02.768] [ERROR   ] Error logging event: 'BlueprintGeneratedClass' object has no attribute 'get_full_name'
