[2026-01-19 09:11:32.672] [INFO    ] ✅ Hooked BP_OakConsumableItemPickup_C:TryActivatePickup
[2026-01-19 09:11:32.672] [INFO    ] ✅ Hooked BP_OakConsumableItemPickup_C:OnTouched
[2026-01-19 09:11:32.672] [INFO    ] ✅ Hooked BP_OakConsumableItemPickup_C:OnAutoCollected
[2026-01-19 09:11:32.672] [INFO    ] ✅ Hooked BP_OakConsumableItemPickup_C:ReceiveActorBeginOverlap
[2026-01-19 09:11:32.672] [INFO    ] ✅ Hooked BP_OakConsumableItemPickup_C:NotifyActorBeginOverlap
[2026-01-19 09:11:32.672] [INFO    ] ✅ Hooked BP_OakConsumableItemPickup_C:OnPickedUp
[2026-01-19 09:11:32.672] [INFO    ] ✅ Hooked BP_OakConsumableItemPickup_C:OnHealthPickedUp
[2026-01-19 09:11:32.673] [INFO    ] ✅ Hooked BP_OakConsumableItemPickup_C:OnAmmoPickedUp
[2026-01-19 09:11:32.836] [INFO    ] ✅ Hooked BP_OakConsumableItemPickup_C:OnShieldPickedUp
[2026-01-19 09:11:32.836] [INFO    ] ✅ Hooked BP_OakConsumableItemPickup_C:ShowLootBeam
[2026-01-19 09:11:32.836] [INFO    ] ✅ Hooked BP_OakInventoryItemPickup_Ammo_C:TryActivatePickup
[2026-01-19 09:11:32.836] [INFO    ] ✅ Hooked BP_OakInventoryItemPickup_Ammo_C:OnTouched
[2026-01-19 09:11:32.836] [INFO    ] ✅ Hooked BP_OakInventoryItemPickup_Ammo_C:OnAutoCollected
[2026-01-19 09:11:32.836] [INFO    ] ✅ Hooked BP_OakInventoryItemPickup_Ammo_C:ReceiveActorBeginOverlap
[2026-01-19 09:11:32.836] [INFO    ] ✅ Hooked BP_OakInventoryItemPickup_Ammo_C:NotifyActorBeginOverlap
[2026-01-19 09:11:32.836] [INFO    ] ✅ Hooked BP_OakInventoryItemPickup_Ammo_C:OnPickedUp
[2026-01-19 09:11:32.836] [INFO    ] ✅ Hooked BP_OakInventoryItemPickup_Ammo_C:OnHealthPickedUp
[2026-01-19 09:11:32.837] [INFO    ] ✅ Hooked BP_OakInventoryItemPickup_Ammo_C:OnAmmoPickedUp
[2026-01-19 09:11:32.837] [INFO    ] ✅ Hooked BP_OakInventoryItemPickup_Ammo_C:OnShieldPickedUp
[2026-01-19 09:11:32.837] [INFO    ] ✅ Hooked BP_OakInventoryItemPickup_Ammo_C:ShowLootBeam
[2026-01-19 09:11:32.837] [INFO    ] ✅ Hooked BP_OakInventoryItemPickup_Shield_C:TryActivatePickup
[2026-01-19 09:11:32.837] [INFO    ] ✅ Hooked BP_OakInventoryItemPickup_Shield_C:OnTouched
[2026-01-19 09:11:32.837] [INFO    ] ✅ Hooked BP_OakInventoryItemPickup_Shield_C:OnAutoCollected
[2026-01-19 09:11:32.837] [INFO    ] ✅ Hooked BP_OakInventoryItemPickup_Shield_C:ReceiveActorBeginOverlap
[2026-01-19 09:11:32.837] [INFO    ] ✅ Hooked BP_OakInventoryItemPickup_Shield_C:NotifyActorBeginOverlap
[2026-01-19 09:11:32.837] [INFO    ] ✅ Hooked BP_OakInventoryItemPickup_Shield_C:OnPickedUp
[2026-01-19 09:11:32.837] [INFO    ] ✅ Hooked BP_OakInventoryItemPickup_Shield_C:OnHealthPickedUp
[2026-01-19 09:11:32.837] [INFO    ] ✅ Hooked BP_OakInventoryItemPickup_Shield_C:OnAmmoPickedUp
[2026-01-19 09:11:32.837] [INFO    ] ✅ Hooked BP_OakInventoryItemPickup_Shield_C:OnShieldPickedUp
[2026-01-19 09:11:32.838] [INFO    ] ✅ Hooked BP_OakInventoryItemPickup_Shield_C:ShowLootBeam
[2026-01-19 09:11:32.838] [INFO    ] ✅ Hooked BP_OakInventoryItemPickup_C:TryActivatePickup
[2026-01-19 09:11:32.838] [INFO    ] ✅ Hooked BP_OakInventoryItemPickup_C:OnTouched
[2026-01-19 09:11:32.838] [INFO    ] ✅ Hooked BP_OakInventoryItemPickup_C:OnAutoCollected
[2026-01-19 09:11:32.838] [INFO    ] ✅ Hooked BP_OakInventoryItemPickup_C:ReceiveActorBeginOverlap
[2026-01-19 09:11:32.838] [INFO    ] ✅ Hooked BP_OakInventoryItemPickup_C:NotifyActorBeginOverlap
[2026-01-19 09:11:32.838] [INFO    ] ✅ Hooked BP_OakInventoryItemPickup_C:OnPickedUp
[2026-01-19 09:11:32.838] [INFO    ] ✅ Hooked BP_OakInventoryItemPickup_C:OnHealthPickedUp
[2026-01-19 09:11:32.838] [INFO    ] ✅ Hooked BP_OakInventoryItemPickup_C:OnAmmoPickedUp
[2026-01-19 09:11:32.838] [INFO    ] ✅ Hooked BP_OakInventoryItemPickup_C:OnShieldPickedUp
[2026-01-19 09:11:32.838] [INFO    ] ✅ Hooked BP_OakInventoryItemPickup_C:ShowLootBeam
[2026-01-19 09:11:32.838] [INFO    ] ✅ Hooked BP_OakInventoryItemPickup_Classmod_C:TryActivatePickup
[2026-01-19 09:11:32.838] [INFO    ] ✅ Hooked BP_OakInventoryItemPickup_Classmod_C:OnTouched
[2026-01-19 09:11:32.838] [INFO    ] ✅ Hooked BP_OakInventoryItemPickup_Classmod_C:OnAutoCollected
[2026-01-19 09:11:32.839] [INFO    ] ✅ Hooked BP_OakInventoryItemPickup_Classmod_C:ReceiveActorBeginOverlap
[2026-01-19 09:11:32.839] [INFO    ] ✅ Hooked BP_OakInventoryItemPickup_Classmod_C:NotifyActorBeginOverlap
[2026-01-19 09:11:32.839] [INFO    ] ✅ Hooked BP_OakInventoryItemPickup_Classmod_C:OnPickedUp
[2026-01-19 09:11:32.839] [INFO    ] ✅ Hooked BP_OakInventoryItemPickup_Classmod_C:OnHealthPickedUp
[2026-01-19 09:11:32.839] [INFO    ] ✅ Hooked BP_OakInventoryItemPickup_Classmod_C:OnAmmoPickedUp
[2026-01-19 09:11:32.839] [INFO    ] ✅ Hooked BP_OakInventoryItemPickup_Classmod_C:OnShieldPickedUp
[2026-01-19 09:11:32.839] [INFO    ] ✅ Hooked BP_OakInventoryItemPickup_Classmod_C:ShowLootBeam
[2026-01-19 09:11:32.839] [INFO    ] ✅ Hooked BP_OakInventoryItemPickup_GrenadeMod_C:TryActivatePickup
[2026-01-19 09:11:32.839] [INFO    ] ✅ Hooked BP_OakInventoryItemPickup_GrenadeMod_C:OnTouched
[2026-01-19 09:11:32.839] [INFO    ] ✅ Hooked BP_OakInventoryItemPickup_GrenadeMod_C:OnAutoCollected
[2026-01-19 09:11:32.839] [INFO    ] ✅ Hooked BP_OakInventoryItemPickup_GrenadeMod_C:ReceiveActorBeginOverlap
[2026-01-19 09:11:32.840] [INFO    ] ✅ Hooked BP_OakInventoryItemPickup_GrenadeMod_C:NotifyActorBeginOverlap
[2026-01-19 09:11:32.840] [INFO    ] ✅ Hooked BP_OakInventoryItemPickup_GrenadeMod_C:OnPickedUp
[2026-01-19 09:11:32.840] [INFO    ] ✅ Hooked BP_OakInventoryItemPickup_GrenadeMod_C:OnHealthPickedUp
[2026-01-19 09:11:32.840] [INFO    ] ✅ Hooked BP_OakInventoryItemPickup_GrenadeMod_C:OnAmmoPickedUp
[2026-01-19 09:11:32.840] [INFO    ] ✅ Hooked BP_OakInventoryItemPickup_GrenadeMod_C:OnShieldPickedUp
[2026-01-19 09:11:32.840] [INFO    ] ✅ Hooked BP_OakInventoryItemPickup_GrenadeMod_C:ShowLootBeam
[2026-01-19 09:11:32.840] [INFO    ] ✅ Hooked BP_OakInventoryItemPickup_Artifact_C:TryActivatePickup
[2026-01-19 09:11:32.840] [INFO    ] ✅ Hooked BP_OakInventoryItemPickup_Artifact_C:OnTouched
[2026-01-19 09:11:32.840] [INFO    ] ✅ Hooked BP_OakInventoryItemPickup_Artifact_C:OnAutoCollected
[2026-01-19 09:11:32.840] [INFO    ] ✅ Hooked BP_OakInventoryItemPickup_Artifact_C:ReceiveActorBeginOverlap
[2026-01-19 09:11:32.840] [INFO    ] ✅ Hooked BP_OakInventoryItemPickup_Artifact_C:NotifyActorBeginOverlap
[2026-01-19 09:11:32.840] [INFO    ] ✅ Hooked BP_OakInventoryItemPickup_Artifact_C:OnPickedUp
[2026-01-19 09:11:32.840] [INFO    ] ✅ Hooked BP_OakInventoryItemPickup_Artifact_C:OnHealthPickedUp
[2026-01-19 09:11:32.841] [INFO    ] ✅ Hooked BP_OakInventoryItemPickup_Artifact_C:OnAmmoPickedUp
[2026-01-19 09:11:32.841] [INFO    ] ✅ Hooked BP_OakInventoryItemPickup_Artifact_C:OnShieldPickedUp
[2026-01-19 09:11:32.841] [INFO    ] ✅ Hooked BP_OakInventoryItemPickup_Artifact_C:ShowLootBeam
[2026-01-19 09:11:32.841] [INFO    ] ✅ Hooked BP_OakWeaponPickup_C:TryActivatePickup
[2026-01-19 09:11:32.841] [INFO    ] ✅ Hooked BP_OakWeaponPickup_C:OnTouched
[2026-01-19 09:11:32.841] [INFO    ] ✅ Hooked BP_OakWeaponPickup_C:OnAutoCollected
[2026-01-19 09:11:32.841] [INFO    ] ✅ Hooked BP_OakWeaponPickup_C:ReceiveActorBeginOverlap
[2026-01-19 09:11:32.841] [INFO    ] ✅ Hooked BP_OakWeaponPickup_C:NotifyActorBeginOverlap
[2026-01-19 09:11:32.841] [INFO    ] ✅ Hooked BP_OakWeaponPickup_C:OnPickedUp
[2026-01-19 09:11:32.841] [INFO    ] ✅ Hooked BP_OakWeaponPickup_C:OnHealthPickedUp
[2026-01-19 09:11:32.841] [INFO    ] ✅ Hooked BP_OakWeaponPickup_C:OnAmmoPickedUp
[2026-01-19 09:11:32.841] [INFO    ] ✅ Hooked BP_OakWeaponPickup_C:OnShieldPickedUp
[2026-01-19 09:11:32.841] [INFO    ] ✅ Hooked BP_OakWeaponPickup_C:ShowLootBeam
[2026-01-19 09:11:32.842] [INFO    ] ✅ Hooked BP_OakInventoryItemPickup_Eridium_C:TryActivatePickup
[2026-01-19 09:11:32.842] [INFO    ] ✅ Hooked BP_OakInventoryItemPickup_Eridium_C:OnTouched
[2026-01-19 09:11:32.842] [INFO    ] ✅ Hooked BP_OakInventoryItemPickup_Eridium_C:OnAutoCollected
[2026-01-19 09:11:32.842] [INFO    ] ✅ Hooked BP_OakInventoryItemPickup_Eridium_C:ReceiveActorBeginOverlap
[2026-01-19 09:11:32.842] [INFO    ] ✅ Hooked BP_OakInventoryItemPickup_Eridium_C:NotifyActorBeginOverlap
[2026-01-19 09:11:32.842] [INFO    ] ✅ Hooked BP_OakInventoryItemPickup_Eridium_C:OnPickedUp
[2026-01-19 09:11:32.842] [INFO    ] ✅ Hooked BP_OakInventoryItemPickup_Eridium_C:OnHealthPickedUp
[2026-01-19 09:11:32.842] [INFO    ] ✅ Hooked BP_OakInventoryItemPickup_Eridium_C:OnAmmoPickedUp
[2026-01-19 09:11:32.842] [INFO    ] ✅ Hooked BP_OakInventoryItemPickup_Eridium_C:OnShieldPickedUp
[2026-01-19 09:11:32.842] [INFO    ] ✅ Hooked BP_OakInventoryItemPickup_Eridium_C:ShowLootBeam
[2026-01-19 09:11:32.842] [INFO    ] ===========================================================================
[2026-01-19 09:11:32.842] [INFO    ] BD3MINER 1.3.0-magnet-snoop SNIFFER ACTIVE - Logging magnet events
